#
# There is insufficient memory for the Java Runtime Environment to continue.
# Native memory allocation (malloc) failed to allocate 32784 bytes for Chunk::new
# Possible reasons:
#   The system is out of physical RAM or swap space
#   The process is running with CompressedOops enabled, and the Java Heap may be blocking the growth of the native heap
# Possible solutions:
#   Reduce memory load on the system
#   Increase physical memory or swap space
#   Check if swap backing store is full
#   Decrease Java heap size (-Xmx/-Xms)
#   Decrease number of Java threads
#   Decrease Java thread stack sizes (-Xss)
#   Set larger code cache with -XX:ReservedCodeCacheSize=
#   JVM is running with Unscaled Compressed Oops mode in which the Java heap is
#     placed in the first 4GB address space. The Java Heap base address is the
#     maximum limit for the native heap growth. Please use -XX:HeapBaseMinAddress
#     to set the Java Heap base and to place the Java Heap above 4GB virtual address.
# This output file may be truncated or incomplete.
#
#  Out of Memory Error (arena.cpp:184), pid=11088, tid=12444
#
# JRE version: Java(TM) SE Runtime Environment (18.0.1.1+2) (build 18.0.1.1+2-6)
# Java VM: Java HotSpot(TM) 64-Bit Server VM (18.0.1.1+2-6, mixed mode, sharing, tiered, compressed oops, compressed class ptrs, g1 gc, windows-amd64)
# No core dump will be written. Minidumps are not enabled by default on client versions of Windows
#

---------------  S U M M A R Y ------------

Command Line: -Dfile.encoding=UTF-8 --module-path=D:\File 1\Lap trinh Java\BTL\BTL\BT_Nguoi_du_lich\build\classes bt_nguoi_du_lich.Data.Form.NguoiDuLichForm

Host: Intel(R) Core(TM) i5-8265U CPU @ 1.60GHz, 8 cores, 7G,  Windows 11 , 64 bit Build 22000 (10.0.22000.708)
Time: Sat Jun 25 00:29:23 2022 SE Asia Standard Time elapsed time: 0.282822 seconds (0d 0h 0m 0s)

---------------  T H R E A D  ---------------

Current thread (0x000001e3b5391860):  JavaThread "C1 CompilerThread0" daemon [_thread_in_native, id=12444, stack(0x0000000b1e000000,0x0000000b1e100000)]


Current CompileTask:
C1:    282  573       3       javax.swing.UIDefaults$TextAndMnemonicHashMap::get (358 bytes)

Stack: [0x0000000b1e000000,0x0000000b1e100000]
Native frames: (J=compiled Java code, j=interpreted, Vv=VM code, C=native code)
V  [jvm.dll+0x69887a]
V  [jvm.dll+0x7f38bd]
V  [jvm.dll+0x7f51ce]
V  [jvm.dll+0x7f5883]
V  [jvm.dll+0x25ca3f]
V  [jvm.dll+0xb8c2f]
V  [jvm.dll+0xb8fa5]
V  [jvm.dll+0xc463d]
V  [jvm.dll+0x18c08b]
V  [jvm.dll+0x193a8f]
V  [jvm.dll+0x193910]
V  [jvm.dll+0x18bd0f]
V  [jvm.dll+0x18adb6]
V  [jvm.dll+0x19453b]
V  [jvm.dll+0x18bee8]
V  [jvm.dll+0x18f67f]
V  [jvm.dll+0x148df3]
V  [jvm.dll+0x1486cf]
V  [jvm.dll+0x148926]
V  [jvm.dll+0x147d9a]
V  [jvm.dll+0x149a81]
V  [jvm.dll+0x23e8ca]
V  [jvm.dll+0x23cbb5]
V  [jvm.dll+0x7a5fb1]
V  [jvm.dll+0x7a03ea]
V  [jvm.dll+0x697725]
C  [ucrtbase.dll+0x26c0c]
C  [KERNEL32.DLL+0x154e0]
C  [ntdll.dll+0x485b]


---------------  P R O C E S S  ---------------

Threads class SMR info:
_java_thread_list=0x000001e3b9af8de0, length=16, elements={
0x000001e3b5360540, 0x000001e3b53610b0, 0x000001e3b537efc0, 0x000001e3b537f870,
0x000001e3b5380120, 0x000001e3b53839f0, 0x000001e3b538fae0, 0x000001e3b5391860,
0x000001e3b53ab3b0, 0x000001e3b534c090, 0x000001e3b992f250, 0x000001e3b99a5a20,
0x000001e3b99a5ef0, 0x000001e3b99a5550, 0x000001e3b99a63c0, 0x000001e3b99a6890
}

Java Threads: ( => current thread )
  0x000001e3b5360540 JavaThread "Reference Handler" daemon [_thread_blocked, id=8164, stack(0x0000000b1d900000,0x0000000b1da00000)]
  0x000001e3b53610b0 JavaThread "Finalizer" daemon [_thread_blocked, id=10416, stack(0x0000000b1da00000,0x0000000b1db00000)]
  0x000001e3b537efc0 JavaThread "Signal Dispatcher" daemon [_thread_blocked, id=4888, stack(0x0000000b1db00000,0x0000000b1dc00000)]
  0x000001e3b537f870 JavaThread "Attach Listener" daemon [_thread_blocked, id=15592, stack(0x0000000b1dc00000,0x0000000b1dd00000)]
  0x000001e3b5380120 JavaThread "Service Thread" daemon [_thread_blocked, id=10592, stack(0x0000000b1dd00000,0x0000000b1de00000)]
  0x000001e3b53839f0 JavaThread "Monitor Deflation Thread" daemon [_thread_blocked, id=15700, stack(0x0000000b1de00000,0x0000000b1df00000)]
  0x000001e3b538fae0 JavaThread "C2 CompilerThread0" daemon [_thread_in_native, id=15916, stack(0x0000000b1df00000,0x0000000b1e000000)]
=>0x000001e3b5391860 JavaThread "C1 CompilerThread0" daemon [_thread_in_native, id=12444, stack(0x0000000b1e000000,0x0000000b1e100000)]
  0x000001e3b53ab3b0 JavaThread "Sweeper thread" daemon [_thread_blocked, id=12496, stack(0x0000000b1e100000,0x0000000b1e200000)]
  0x000001e3b534c090 JavaThread "Common-Cleaner" daemon [_thread_blocked, id=12868, stack(0x0000000b1e200000,0x0000000b1e300000)]
  0x000001e3b992f250 JavaThread "Notification Thread" daemon [_thread_blocked, id=17716, stack(0x0000000b1e300000,0x0000000b1e400000)]
  0x000001e3b99a5a20 JavaThread "Java2D Disposer" daemon [_thread_blocked, id=6032, stack(0x0000000b1e500000,0x0000000b1e600000)]
  0x000001e3b99a5ef0 JavaThread "AWT-Shutdown" [_thread_blocked, id=12456, stack(0x0000000b1e600000,0x0000000b1e700000)]
  0x000001e3b99a5550 JavaThread "AWT-Windows" daemon [_thread_in_native, id=10992, stack(0x0000000b1e700000,0x0000000b1e800000)]
  0x000001e3b99a63c0 JavaThread "AWT-EventQueue-0" [_thread_in_vm, id=17436, stack(0x0000000b1e800000,0x0000000b1e900000)]
  0x000001e3b99a6890 JavaThread "DestroyJavaVM" [_thread_blocked, id=19240, stack(0x0000000b1d200000,0x0000000b1d300000)]

Other Threads:
  0x000001e3972913e0 VMThread "VM Thread" [stack: 0x0000000b1d800000,0x0000000b1d900000] [id=8904]
  0x000001e3b998b580 WatcherThread "VM Periodic Task Thread" [stack: 0x0000000b1e400000,0x0000000b1e500000] [id=17420]
  0x000001e3972750a0 WorkerThread "GC Thread#0" [stack: 0x0000000b1d300000,0x0000000b1d400000] [id=18700]
  0x000001e397285a20 ConcurrentGCThread "G1 Main Marker" [stack: 0x0000000b1d400000,0x0000000b1d500000] [id=16976]
  0x000001e3972869c0 WorkerThread "G1 Conc#0" [stack: 0x0000000b1d500000,0x0000000b1d600000] [id=9932]
  0x000001e3972d4770 ConcurrentGCThread "G1 Refine#0" [stack: 0x0000000b1d600000,0x0000000b1d700000] [id=10636]
  0x000001e3972d4f90 ConcurrentGCThread "G1 Service" [stack: 0x0000000b1d700000,0x0000000b1d800000] [id=18720]

Threads with active compile tasks:
C2 CompilerThread0      302  582       4       java.util.HashMap::put (13 bytes)
C1 CompilerThread0      302  573       3       javax.swing.UIDefaults$TextAndMnemonicHashMap::get (358 bytes)

VM state: not at safepoint (normal execution)

VM Mutex/Monitor currently owned by a thread: None

Heap address: 0x0000000081e00000, size: 2018 MB, Compressed Oops mode: 32-bit

CDS archive(s) mapped at: [0x0000000800000000-0x0000000800ba0000-0x0000000800ba0000), size 12189696, SharedBaseAddress: 0x0000000800000000, ArchiveRelocationMode: 0.
Compressed class space mapped at: 0x0000000800c00000-0x0000000840c00000, reserved size: 1073741824
Narrow klass base: 0x0000000800000000, Narrow klass shift: 0, Narrow klass range: 0x100000000

GC Precious Log:
 CardTable entry size: 512
 Card Set container configuration: InlinePtr #cards 5 size 8 Array Of Cards #cards 12 size 40 Howl #buckets 4 coarsen threshold 1843 Howl Bitmap #cards 512 size 80 coarsen threshold 460 Card regions per heap region 1 cards per card region 2048
 CPUs: 8 total, 8 available
 Memory: 8068M
 Large Page Support: Disabled
 NUMA Support: Disabled
 Compressed Oops: Enabled (32-bit)
 Heap Region Size: 1M
 Heap Min Capacity: 8M
 Heap Initial Capacity: 128M
 Heap Max Capacity: 2018M
 Pre-touch: Disabled
 Parallel Workers: 8
 Concurrent Workers: 2
 Concurrent Refinement Workers: 8
 Periodic GC: Disabled

Heap:
 garbage-first heap   total 131072K, used 5120K [0x0000000081e00000, 0x0000000100000000)
  region size 1024K, 6 young (6144K), 0 survivors (0K)
 Metaspace       used 6358K, committed 6528K, reserved 1114112K
  class space    used 733K, committed 768K, reserved 1048576K

Heap Regions: E=young(eden), S=young(survivor), O=old, HS=humongous(starts), HC=humongous(continues), CS=collection set, F=free, OA=open archive, CA=closed archive, TAMS=top-at-mark-start (previous, next)
|   0|0x0000000081e00000, 0x0000000081e00000, 0x0000000081f00000|  0%| F|  |TAMS 0x0000000081e00000, 0x0000000081e00000| Untracked 
|   1|0x0000000081f00000, 0x0000000081f00000, 0x0000000082000000|  0%| F|  |TAMS 0x0000000081f00000, 0x0000000081f00000| Untracked 
|   2|0x0000000082000000, 0x0000000082000000, 0x0000000082100000|  0%| F|  |TAMS 0x0000000082000000, 0x0000000082000000| Untracked 
|   3|0x0000000082100000, 0x0000000082100000, 0x0000000082200000|  0%| F|  |TAMS 0x0000000082100000, 0x0000000082100000| Untracked 
|   4|0x0000000082200000, 0x0000000082200000, 0x0000000082300000|  0%| F|  |TAMS 0x0000000082200000, 0x0000000082200000| Untracked 
|   5|0x0000000082300000, 0x0000000082300000, 0x0000000082400000|  0%| F|  |TAMS 0x0000000082300000, 0x0000000082300000| Untracked 
|   6|0x0000000082400000, 0x0000000082400000, 0x0000000082500000|  0%| F|  |TAMS 0x0000000082400000, 0x0000000082400000| Untracked 
|   7|0x0000000082500000, 0x0000000082500000, 0x0000000082600000|  0%| F|  |TAMS 0x0000000082500000, 0x0000000082500000| Untracked 
|   8|0x0000000082600000, 0x0000000082600000, 0x0000000082700000|  0%| F|  |TAMS 0x0000000082600000, 0x0000000082600000| Untracked 
|   9|0x0000000082700000, 0x0000000082700000, 0x0000000082800000|  0%| F|  |TAMS 0x0000000082700000, 0x0000000082700000| Untracked 
|  10|0x0000000082800000, 0x0000000082800000, 0x0000000082900000|  0%| F|  |TAMS 0x0000000082800000, 0x0000000082800000| Untracked 
|  11|0x0000000082900000, 0x0000000082900000, 0x0000000082a00000|  0%| F|  |TAMS 0x0000000082900000, 0x0000000082900000| Untracked 
|  12|0x0000000082a00000, 0x0000000082a00000, 0x0000000082b00000|  0%| F|  |TAMS 0x0000000082a00000, 0x0000000082a00000| Untracked 
|  13|0x0000000082b00000, 0x0000000082b00000, 0x0000000082c00000|  0%| F|  |TAMS 0x0000000082b00000, 0x0000000082b00000| Untracked 
|  14|0x0000000082c00000, 0x0000000082c00000, 0x0000000082d00000|  0%| F|  |TAMS 0x0000000082c00000, 0x0000000082c00000| Untracked 
|  15|0x0000000082d00000, 0x0000000082d00000, 0x0000000082e00000|  0%| F|  |TAMS 0x0000000082d00000, 0x0000000082d00000| Untracked 
|  16|0x0000000082e00000, 0x0000000082e00000, 0x0000000082f00000|  0%| F|  |TAMS 0x0000000082e00000, 0x0000000082e00000| Untracked 
|  17|0x0000000082f00000, 0x0000000082f00000, 0x0000000083000000|  0%| F|  |TAMS 0x0000000082f00000, 0x0000000082f00000| Untracked 
|  18|0x0000000083000000, 0x0000000083000000, 0x0000000083100000|  0%| F|  |TAMS 0x0000000083000000, 0x0000000083000000| Untracked 
|  19|0x0000000083100000, 0x0000000083100000, 0x0000000083200000|  0%| F|  |TAMS 0x0000000083100000, 0x0000000083100000| Untracked 
|  20|0x0000000083200000, 0x0000000083200000, 0x0000000083300000|  0%| F|  |TAMS 0x0000000083200000, 0x0000000083200000| Untracked 
|  21|0x0000000083300000, 0x0000000083300000, 0x0000000083400000|  0%| F|  |TAMS 0x0000000083300000, 0x0000000083300000| Untracked 
|  22|0x0000000083400000, 0x0000000083400000, 0x0000000083500000|  0%| F|  |TAMS 0x0000000083400000, 0x0000000083400000| Untracked 
|  23|0x0000000083500000, 0x0000000083500000, 0x0000000083600000|  0%| F|  |TAMS 0x0000000083500000, 0x0000000083500000| Untracked 
|  24|0x0000000083600000, 0x0000000083600000, 0x0000000083700000|  0%| F|  |TAMS 0x0000000083600000, 0x0000000083600000| Untracked 
|  25|0x0000000083700000, 0x0000000083700000, 0x0000000083800000|  0%| F|  |TAMS 0x0000000083700000, 0x0000000083700000| Untracked 
|  26|0x0000000083800000, 0x0000000083800000, 0x0000000083900000|  0%| F|  |TAMS 0x0000000083800000, 0x0000000083800000| Untracked 
|  27|0x0000000083900000, 0x0000000083900000, 0x0000000083a00000|  0%| F|  |TAMS 0x0000000083900000, 0x0000000083900000| Untracked 
|  28|0x0000000083a00000, 0x0000000083a00000, 0x0000000083b00000|  0%| F|  |TAMS 0x0000000083a00000, 0x0000000083a00000| Untracked 
|  29|0x0000000083b00000, 0x0000000083b00000, 0x0000000083c00000|  0%| F|  |TAMS 0x0000000083b00000, 0x0000000083b00000| Untracked 
|  30|0x0000000083c00000, 0x0000000083c00000, 0x0000000083d00000|  0%| F|  |TAMS 0x0000000083c00000, 0x0000000083c00000| Untracked 
|  31|0x0000000083d00000, 0x0000000083d00000, 0x0000000083e00000|  0%| F|  |TAMS 0x0000000083d00000, 0x0000000083d00000| Untracked 
|  32|0x0000000083e00000, 0x0000000083e00000, 0x0000000083f00000|  0%| F|  |TAMS 0x0000000083e00000, 0x0000000083e00000| Untracked 
|  33|0x0000000083f00000, 0x0000000083f00000, 0x0000000084000000|  0%| F|  |TAMS 0x0000000083f00000, 0x0000000083f00000| Untracked 
|  34|0x0000000084000000, 0x0000000084000000, 0x0000000084100000|  0%| F|  |TAMS 0x0000000084000000, 0x0000000084000000| Untracked 
|  35|0x0000000084100000, 0x0000000084100000, 0x0000000084200000|  0%| F|  |TAMS 0x0000000084100000, 0x0000000084100000| Untracked 
|  36|0x0000000084200000, 0x0000000084200000, 0x0000000084300000|  0%| F|  |TAMS 0x0000000084200000, 0x0000000084200000| Untracked 
|  37|0x0000000084300000, 0x0000000084300000, 0x0000000084400000|  0%| F|  |TAMS 0x0000000084300000, 0x0000000084300000| Untracked 
|  38|0x0000000084400000, 0x0000000084400000, 0x0000000084500000|  0%| F|  |TAMS 0x0000000084400000, 0x0000000084400000| Untracked 
|  39|0x0000000084500000, 0x0000000084500000, 0x0000000084600000|  0%| F|  |TAMS 0x0000000084500000, 0x0000000084500000| Untracked 
|  40|0x0000000084600000, 0x0000000084600000, 0x0000000084700000|  0%| F|  |TAMS 0x0000000084600000, 0x0000000084600000| Untracked 
|  41|0x0000000084700000, 0x0000000084700000, 0x0000000084800000|  0%| F|  |TAMS 0x0000000084700000, 0x0000000084700000| Untracked 
|  42|0x0000000084800000, 0x0000000084800000, 0x0000000084900000|  0%| F|  |TAMS 0x0000000084800000, 0x0000000084800000| Untracked 
|  43|0x0000000084900000, 0x0000000084900000, 0x0000000084a00000|  0%| F|  |TAMS 0x0000000084900000, 0x0000000084900000| Untracked 
|  44|0x0000000084a00000, 0x0000000084a00000, 0x0000000084b00000|  0%| F|  |TAMS 0x0000000084a00000, 0x0000000084a00000| Untracked 
|  45|0x0000000084b00000, 0x0000000084b00000, 0x0000000084c00000|  0%| F|  |TAMS 0x0000000084b00000, 0x0000000084b00000| Untracked 
|  46|0x0000000084c00000, 0x0000000084c00000, 0x0000000084d00000|  0%| F|  |TAMS 0x0000000084c00000, 0x0000000084c00000| Untracked 
|  47|0x0000000084d00000, 0x0000000084d00000, 0x0000000084e00000|  0%| F|  |TAMS 0x0000000084d00000, 0x0000000084d00000| Untracked 
|  48|0x0000000084e00000, 0x0000000084e00000, 0x0000000084f00000|  0%| F|  |TAMS 0x0000000084e00000, 0x0000000084e00000| Untracked 
|  49|0x0000000084f00000, 0x0000000084f00000, 0x0000000085000000|  0%| F|  |TAMS 0x0000000084f00000, 0x0000000084f00000| Untracked 
|  50|0x0000000085000000, 0x0000000085000000, 0x0000000085100000|  0%| F|  |TAMS 0x0000000085000000, 0x0000000085000000| Untracked 
|  51|0x0000000085100000, 0x0000000085100000, 0x0000000085200000|  0%| F|  |TAMS 0x0000000085100000, 0x0000000085100000| Untracked 
|  52|0x0000000085200000, 0x0000000085200000, 0x0000000085300000|  0%| F|  |TAMS 0x0000000085200000, 0x0000000085200000| Untracked 
|  53|0x0000000085300000, 0x0000000085300000, 0x0000000085400000|  0%| F|  |TAMS 0x0000000085300000, 0x0000000085300000| Untracked 
|  54|0x0000000085400000, 0x0000000085400000, 0x0000000085500000|  0%| F|  |TAMS 0x0000000085400000, 0x0000000085400000| Untracked 
|  55|0x0000000085500000, 0x0000000085500000, 0x0000000085600000|  0%| F|  |TAMS 0x0000000085500000, 0x0000000085500000| Untracked 
|  56|0x0000000085600000, 0x0000000085600000, 0x0000000085700000|  0%| F|  |TAMS 0x0000000085600000, 0x0000000085600000| Untracked 
|  57|0x0000000085700000, 0x0000000085700000, 0x0000000085800000|  0%| F|  |TAMS 0x0000000085700000, 0x0000000085700000| Untracked 
|  58|0x0000000085800000, 0x0000000085800000, 0x0000000085900000|  0%| F|  |TAMS 0x0000000085800000, 0x0000000085800000| Untracked 
|  59|0x0000000085900000, 0x0000000085900000, 0x0000000085a00000|  0%| F|  |TAMS 0x0000000085900000, 0x0000000085900000| Untracked 
|  60|0x0000000085a00000, 0x0000000085a00000, 0x0000000085b00000|  0%| F|  |TAMS 0x0000000085a00000, 0x0000000085a00000| Untracked 
|  61|0x0000000085b00000, 0x0000000085b00000, 0x0000000085c00000|  0%| F|  |TAMS 0x0000000085b00000, 0x0000000085b00000| Untracked 
|  62|0x0000000085c00000, 0x0000000085c00000, 0x0000000085d00000|  0%| F|  |TAMS 0x0000000085c00000, 0x0000000085c00000| Untracked 
|  63|0x0000000085d00000, 0x0000000085d00000, 0x0000000085e00000|  0%| F|  |TAMS 0x0000000085d00000, 0x0000000085d00000| Untracked 
|  64|0x0000000085e00000, 0x0000000085e00000, 0x0000000085f00000|  0%| F|  |TAMS 0x0000000085e00000, 0x0000000085e00000| Untracked 
|  65|0x0000000085f00000, 0x0000000085f00000, 0x0000000086000000|  0%| F|  |TAMS 0x0000000085f00000, 0x0000000085f00000| Untracked 
|  66|0x0000000086000000, 0x0000000086000000, 0x0000000086100000|  0%| F|  |TAMS 0x0000000086000000, 0x0000000086000000| Untracked 
|  67|0x0000000086100000, 0x0000000086100000, 0x0000000086200000|  0%| F|  |TAMS 0x0000000086100000, 0x0000000086100000| Untracked 
|  68|0x0000000086200000, 0x0000000086200000, 0x0000000086300000|  0%| F|  |TAMS 0x0000000086200000, 0x0000000086200000| Untracked 
|  69|0x0000000086300000, 0x0000000086300000, 0x0000000086400000|  0%| F|  |TAMS 0x0000000086300000, 0x0000000086300000| Untracked 
|  70|0x0000000086400000, 0x0000000086400000, 0x0000000086500000|  0%| F|  |TAMS 0x0000000086400000, 0x0000000086400000| Untracked 
|  71|0x0000000086500000, 0x0000000086500000, 0x0000000086600000|  0%| F|  |TAMS 0x0000000086500000, 0x0000000086500000| Untracked 
|  72|0x0000000086600000, 0x0000000086600000, 0x0000000086700000|  0%| F|  |TAMS 0x0000000086600000, 0x0000000086600000| Untracked 
|  73|0x0000000086700000, 0x0000000086700000, 0x0000000086800000|  0%| F|  |TAMS 0x0000000086700000, 0x0000000086700000| Untracked 
|  74|0x0000000086800000, 0x0000000086800000, 0x0000000086900000|  0%| F|  |TAMS 0x0000000086800000, 0x0000000086800000| Untracked 
|  75|0x0000000086900000, 0x0000000086900000, 0x0000000086a00000|  0%| F|  |TAMS 0x0000000086900000, 0x0000000086900000| Untracked 
|  76|0x0000000086a00000, 0x0000000086a00000, 0x0000000086b00000|  0%| F|  |TAMS 0x0000000086a00000, 0x0000000086a00000| Untracked 
|  77|0x0000000086b00000, 0x0000000086b00000, 0x0000000086c00000|  0%| F|  |TAMS 0x0000000086b00000, 0x0000000086b00000| Untracked 
|  78|0x0000000086c00000, 0x0000000086c00000, 0x0000000086d00000|  0%| F|  |TAMS 0x0000000086c00000, 0x0000000086c00000| Untracked 
|  79|0x0000000086d00000, 0x0000000086d00000, 0x0000000086e00000|  0%| F|  |TAMS 0x0000000086d00000, 0x0000000086d00000| Untracked 
|  80|0x0000000086e00000, 0x0000000086e00000, 0x0000000086f00000|  0%| F|  |TAMS 0x0000000086e00000, 0x0000000086e00000| Untracked 
|  81|0x0000000086f00000, 0x0000000086f00000, 0x0000000087000000|  0%| F|  |TAMS 0x0000000086f00000, 0x0000000086f00000| Untracked 
|  82|0x0000000087000000, 0x0000000087000000, 0x0000000087100000|  0%| F|  |TAMS 0x0000000087000000, 0x0000000087000000| Untracked 
|  83|0x0000000087100000, 0x0000000087100000, 0x0000000087200000|  0%| F|  |TAMS 0x0000000087100000, 0x0000000087100000| Untracked 
|  84|0x0000000087200000, 0x0000000087200000, 0x0000000087300000|  0%| F|  |TAMS 0x0000000087200000, 0x0000000087200000| Untracked 
|  85|0x0000000087300000, 0x0000000087300000, 0x0000000087400000|  0%| F|  |TAMS 0x0000000087300000, 0x0000000087300000| Untracked 
|  86|0x0000000087400000, 0x0000000087400000, 0x0000000087500000|  0%| F|  |TAMS 0x0000000087400000, 0x0000000087400000| Untracked 
|  87|0x0000000087500000, 0x0000000087500000, 0x0000000087600000|  0%| F|  |TAMS 0x0000000087500000, 0x0000000087500000| Untracked 
|  88|0x0000000087600000, 0x0000000087600000, 0x0000000087700000|  0%| F|  |TAMS 0x0000000087600000, 0x0000000087600000| Untracked 
|  89|0x0000000087700000, 0x0000000087700000, 0x0000000087800000|  0%| F|  |TAMS 0x0000000087700000, 0x0000000087700000| Untracked 
|  90|0x0000000087800000, 0x0000000087800000, 0x0000000087900000|  0%| F|  |TAMS 0x0000000087800000, 0x0000000087800000| Untracked 
|  91|0x0000000087900000, 0x0000000087900000, 0x0000000087a00000|  0%| F|  |TAMS 0x0000000087900000, 0x0000000087900000| Untracked 
|  92|0x0000000087a00000, 0x0000000087a00000, 0x0000000087b00000|  0%| F|  |TAMS 0x0000000087a00000, 0x0000000087a00000| Untracked 
|  93|0x0000000087b00000, 0x0000000087b00000, 0x0000000087c00000|  0%| F|  |TAMS 0x0000000087b00000, 0x0000000087b00000| Untracked 
|  94|0x0000000087c00000, 0x0000000087c00000, 0x0000000087d00000|  0%| F|  |TAMS 0x0000000087c00000, 0x0000000087c00000| Untracked 
|  95|0x0000000087d00000, 0x0000000087d00000, 0x0000000087e00000|  0%| F|  |TAMS 0x0000000087d00000, 0x0000000087d00000| Untracked 
|  96|0x0000000087e00000, 0x0000000087e00000, 0x0000000087f00000|  0%| F|  |TAMS 0x0000000087e00000, 0x0000000087e00000| Untracked 
|  97|0x0000000087f00000, 0x0000000087f00000, 0x0000000088000000|  0%| F|  |TAMS 0x0000000087f00000, 0x0000000087f00000| Untracked 
|  98|0x0000000088000000, 0x0000000088000000, 0x0000000088100000|  0%| F|  |TAMS 0x0000000088000000, 0x0000000088000000| Untracked 
|  99|0x0000000088100000, 0x0000000088100000, 0x0000000088200000|  0%| F|  |TAMS 0x0000000088100000, 0x0000000088100000| Untracked 
| 100|0x0000000088200000, 0x0000000088200000, 0x0000000088300000|  0%| F|  |TAMS 0x0000000088200000, 0x0000000088200000| Untracked 
| 101|0x0000000088300000, 0x0000000088300000, 0x0000000088400000|  0%| F|  |TAMS 0x0000000088300000, 0x0000000088300000| Untracked 
| 102|0x0000000088400000, 0x0000000088400000, 0x0000000088500000|  0%| F|  |TAMS 0x0000000088400000, 0x0000000088400000| Untracked 
| 103|0x0000000088500000, 0x0000000088500000, 0x0000000088600000|  0%| F|  |TAMS 0x0000000088500000, 0x0000000088500000| Untracked 
| 104|0x0000000088600000, 0x0000000088600000, 0x0000000088700000|  0%| F|  |TAMS 0x0000000088600000, 0x0000000088600000| Untracked 
| 105|0x0000000088700000, 0x0000000088700000, 0x0000000088800000|  0%| F|  |TAMS 0x0000000088700000, 0x0000000088700000| Untracked 
| 106|0x0000000088800000, 0x0000000088800000, 0x0000000088900000|  0%| F|  |TAMS 0x0000000088800000, 0x0000000088800000| Untracked 
| 107|0x0000000088900000, 0x0000000088900000, 0x0000000088a00000|  0%| F|  |TAMS 0x0000000088900000, 0x0000000088900000| Untracked 
| 108|0x0000000088a00000, 0x0000000088a00000, 0x0000000088b00000|  0%| F|  |TAMS 0x0000000088a00000, 0x0000000088a00000| Untracked 
| 109|0x0000000088b00000, 0x0000000088b00000, 0x0000000088c00000|  0%| F|  |TAMS 0x0000000088b00000, 0x0000000088b00000| Untracked 
| 110|0x0000000088c00000, 0x0000000088c00000, 0x0000000088d00000|  0%| F|  |TAMS 0x0000000088c00000, 0x0000000088c00000| Untracked 
| 111|0x0000000088d00000, 0x0000000088d00000, 0x0000000088e00000|  0%| F|  |TAMS 0x0000000088d00000, 0x0000000088d00000| Untracked 
| 112|0x0000000088e00000, 0x0000000088e00000, 0x0000000088f00000|  0%| F|  |TAMS 0x0000000088e00000, 0x0000000088e00000| Untracked 
| 113|0x0000000088f00000, 0x0000000088f00000, 0x0000000089000000|  0%| F|  |TAMS 0x0000000088f00000, 0x0000000088f00000| Untracked 
| 114|0x0000000089000000, 0x0000000089000000, 0x0000000089100000|  0%| F|  |TAMS 0x0000000089000000, 0x0000000089000000| Untracked 
| 115|0x0000000089100000, 0x0000000089100000, 0x0000000089200000|  0%| F|  |TAMS 0x0000000089100000, 0x0000000089100000| Untracked 
| 116|0x0000000089200000, 0x0000000089200000, 0x0000000089300000|  0%| F|  |TAMS 0x0000000089200000, 0x0000000089200000| Untracked 
| 117|0x0000000089300000, 0x0000000089300000, 0x0000000089400000|  0%| F|  |TAMS 0x0000000089300000, 0x0000000089300000| Untracked 
| 118|0x0000000089400000, 0x0000000089400000, 0x0000000089500000|  0%| F|  |TAMS 0x0000000089400000, 0x0000000089400000| Untracked 
| 119|0x0000000089500000, 0x0000000089500000, 0x0000000089600000|  0%| F|  |TAMS 0x0000000089500000, 0x0000000089500000| Untracked 
| 120|0x0000000089600000, 0x0000000089600000, 0x0000000089700000|  0%| F|  |TAMS 0x0000000089600000, 0x0000000089600000| Untracked 
| 121|0x0000000089700000, 0x0000000089700000, 0x0000000089800000|  0%| F|  |TAMS 0x0000000089700000, 0x0000000089700000| Untracked 
| 122|0x0000000089800000, 0x0000000089900000, 0x0000000089900000|100%| E|  |TAMS 0x0000000089800000, 0x0000000089800000| Complete 
| 123|0x0000000089900000, 0x0000000089a00000, 0x0000000089a00000|100%| E|CS|TAMS 0x0000000089900000, 0x0000000089900000| Complete 
| 124|0x0000000089a00000, 0x0000000089b00000, 0x0000000089b00000|100%| E|CS|TAMS 0x0000000089a00000, 0x0000000089a00000| Complete 
| 125|0x0000000089b00000, 0x0000000089c00000, 0x0000000089c00000|100%| E|CS|TAMS 0x0000000089b00000, 0x0000000089b00000| Complete 
| 126|0x0000000089c00000, 0x0000000089d00000, 0x0000000089d00000|100%| E|CS|TAMS 0x0000000089c00000, 0x0000000089c00000| Complete 
| 127|0x0000000089d00000, 0x0000000089e00000, 0x0000000089e00000|100%| E|CS|TAMS 0x0000000089d00000, 0x0000000089d00000| Complete 

Card table byte_map: [0x000001e3ae280000,0x000001e3ae680000] _byte_map_base: 0x000001e3ade71000

Marking Bits (Prev, Next): (CMBitMap*) 0x000001e3972754b0, (CMBitMap*) 0x000001e3972754f0
 Prev Bits: [0x000001e3aea80000, 0x000001e3b0a08000)
 Next Bits: [0x000001e3b0a10000, 0x000001e3b2998000)

Polling page: 0x000001e395190000

Metaspace:

Usage:
  Non-class:      5.49 MB used.
      Class:    733.20 KB used.
       Both:      6.21 MB used.

Virtual space:
  Non-class space:       64.00 MB reserved,       5.62 MB (  9%) committed,  1 nodes.
      Class space:        1.00 GB reserved,     768.00 KB ( <1%) committed,  1 nodes.
             Both:        1.06 GB reserved,       6.38 MB ( <1%) committed. 

Chunk freelists:
   Non-Class:  2.37 MB
       Class:  3.25 MB
        Both:  5.62 MB

MaxMetaspaceSize: unlimited
CompressedClassSpaceSize: 1.00 GB
Initial GC threshold: 21.00 MB
Current GC threshold: 21.00 MB
CDS: on
MetaspaceReclaimPolicy: balanced
 - commit_granule_bytes: 65536.
 - commit_granule_words: 8192.
 - virtual_space_node_default_size: 8388608.
 - enlarge_chunks_in_place: 1.
 - new_chunks_are_fully_committed: 0.
 - uncommit_free_chunks: 1.
 - use_allocation_guard: 0.


Internal statistics:

num_allocs_failed_limit: 0.
num_arena_births: 96.
num_arena_deaths: 0.
num_vsnodes_births: 2.
num_vsnodes_deaths: 0.
num_space_committed: 102.
num_space_uncommitted: 0.
num_chunks_returned_to_freelist: 0.
num_chunks_taken_from_freelist: 132.
num_chunk_merges: 0.
num_chunk_splits: 73.
num_chunks_enlarged: 23.
num_inconsistent_stats: 0.

CodeHeap 'non-profiled nmethods': size=120000Kb used=163Kb max_used=163Kb free=119836Kb
 bounds [0x000001e3a6620000, 0x000001e3a6890000, 0x000001e3adb50000]
CodeHeap 'profiled nmethods': size=120000Kb used=789Kb max_used=789Kb free=119210Kb
 bounds [0x000001e39f0f0000, 0x000001e39f360000, 0x000001e3a6620000]
CodeHeap 'non-nmethods': size=5760Kb used=1220Kb max_used=1228Kb free=4539Kb
 bounds [0x000001e39eb50000, 0x000001e39edc0000, 0x000001e39f0f0000]
 total_blobs=1091 nmethods=573 adapters=431
 compilation: enabled
              stopped_count=0, restarted_count=0
 full_count=0

Compilation events (20 events):
Event: 0.260 Thread 0x000001e3b5391860 nmethod 564 0x000001e3a6646510 code [0x000001e3a66466a0, 0x000001e3a6646778]
Event: 0.261 Thread 0x000001e3b538fae0 nmethod 543 0x000001e3a6646810 code [0x000001e3a66469c0, 0x000001e3a6646f08]
Event: 0.261 Thread 0x000001e3b538fae0  544       4       java.lang.String::toString (2 bytes)
Event: 0.261 Thread 0x000001e3b538fae0 nmethod 544 0x000001e3a6647210 code [0x000001e3a6647380, 0x000001e3a66473f8]
Event: 0.263 Thread 0x000001e3b5391860  566       3       java.lang.invoke.DirectMethodHandle::maybeCompile (24 bytes)
Event: 0.263 Thread 0x000001e3b538fae0  567       4       java.util.HashMap::resize (356 bytes)
Event: 0.263 Thread 0x000001e3b5391860 nmethod 566 0x000001e39f1b3e10 code [0x000001e39f1b3fc0, 0x000001e39f1b41d8]
Event: 0.272 Thread 0x000001e3b5391860  568       3       java.lang.invoke.LambdaFormEditor$TransformKey::<init> (15 bytes)
Event: 0.273 Thread 0x000001e3b5391860 nmethod 568 0x000001e39f1b4310 code [0x000001e39f1b44a0, 0x000001e39f1b4638]
Event: 0.273 Thread 0x000001e3b5391860  569       3       java.lang.reflect.Array::newInstance (6 bytes)
Event: 0.273 Thread 0x000001e3b5391860 nmethod 569 0x000001e39f1b4710 code [0x000001e39f1b48a0, 0x000001e39f1b49a8]
Event: 0.273 Thread 0x000001e3b5391860  570       3       java.util.concurrent.ConcurrentHashMap$BaseIterator::hasNext (13 bytes)
Event: 0.273 Thread 0x000001e3b5391860 nmethod 570 0x000001e39f1b4a90 code [0x000001e39f1b4c20, 0x000001e39f1b4d98]
Event: 0.273 Thread 0x000001e3b5391860  571       3       java.util.concurrent.ConcurrentHashMap$ValueIterator::next (34 bytes)
Event: 0.273 Thread 0x000001e3b5391860 nmethod 571 0x000001e39f1b4e10 code [0x000001e39f1b4fc0, 0x000001e39f1b5218]
Event: 0.275 Thread 0x000001e3b5391860  572       3       java.lang.Character::charCount (12 bytes)
Event: 0.275 Thread 0x000001e3b5391860 nmethod 572 0x000001e39f1b5310 code [0x000001e39f1b54a0, 0x000001e39f1b5618]
Event: 0.275 Thread 0x000001e3b5391860  573       3       javax.swing.UIDefaults$TextAndMnemonicHashMap::get (358 bytes)
Event: 0.276 Thread 0x000001e3b538fae0 nmethod 567 0x000001e3a6647990 code [0x000001e3a6647b60, 0x000001e3a66487f8]
Event: 0.280 Thread 0x000001e3b538fae0  582       4       java.util.HashMap::put (13 bytes)

GC Heap History (0 events):
No events

Deoptimization events (4 events):
Event: 0.178 Thread 0x000001e397212e10 Uncommon trap: trap_request=0xffffff45 fr.pc=0x000001e3a662ef58 relative=0x00000000000009b8
Event: 0.178 Thread 0x000001e397212e10 Uncommon trap: reason=unstable_if action=reinterpret pc=0x000001e3a662ef58 method=java.util.HashMap.putVal(ILjava/lang/Object;Ljava/lang/Object;ZZ)Ljava/lang/Object; @ 236 c2
Event: 0.178 Thread 0x000001e397212e10 DEOPT PACKING pc=0x000001e3a662ef58 sp=0x0000000b1d2fe0d0
Event: 0.178 Thread 0x000001e397212e10 DEOPT UNPACKING pc=0x000001e39eba23a3 sp=0x0000000b1d2fe088 mode 2

Classes loaded (20 events):
Event: 0.278 Loading class javax/swing/plaf/synth/SynthContext
Event: 0.278 Loading class javax/swing/plaf/synth/SynthContext done
Event: 0.278 Loading class javax/swing/plaf/nimbus/NimbusStyle
Event: 0.278 Loading class javax/swing/plaf/nimbus/NimbusStyle done
Event: 0.278 Loading class javax/swing/plaf/nimbus/NimbusStyle$1
Event: 0.278 Loading class javax/swing/plaf/nimbus/NimbusStyle$1 done
Event: 0.278 Loading class javax/swing/plaf/nimbus/NimbusStyle$CacheKey
Event: 0.278 Loading class javax/swing/plaf/nimbus/NimbusStyle$CacheKey done
Event: 0.278 Loading class javax/swing/plaf/nimbus/SynthPainterImpl
Event: 0.278 Loading class javax/swing/plaf/synth/SynthPainter
Event: 0.279 Loading class javax/swing/plaf/synth/SynthPainter done
Event: 0.279 Loading class javax/swing/plaf/nimbus/SynthPainterImpl done
Event: 0.279 Loading class javax/swing/plaf/synth/SynthPainter$1
Event: 0.279 Loading class javax/swing/plaf/synth/SynthPainter$1 done
Event: 0.279 Loading class javax/swing/plaf/synth/SynthBorder
Event: 0.279 Loading class javax/swing/plaf/synth/SynthBorder done
Event: 0.279 Loading class javax/swing/plaf/nimbus/NimbusStyle$Values
Event: 0.279 Loading class javax/swing/plaf/nimbus/NimbusStyle$Values done
Event: 0.279 Loading class java/util/Hashtable$EntrySet
Event: 0.279 Loading class java/util/Hashtable$EntrySet done

Classes unloaded (0 events):
No events

Classes redefined (0 events):
No events

Internal exceptions (20 events):
Event: 0.246 Thread 0x000001e397212e10 Exception <a 'java/lang/ClassNotFoundException'{0x00000000899faa30}: PasswordField> (0x00000000899faa30) 
thrown [s\open\src\hotspot\share\classfile\systemDictionary.cpp, line 255]
Event: 0.246 Thread 0x000001e397212e10 Exception <a 'java/lang/ClassNotFoundException'{0x00000000899faf80}: TextArea> (0x00000000899faf80) 
thrown [s\open\src\hotspot\share\classfile\systemDictionary.cpp, line 255]
Event: 0.247 Thread 0x000001e397212e10 Exception <a 'java/lang/ClassNotFoundException'{0x00000000899fb8b8}: TextPane> (0x00000000899fb8b8) 
thrown [s\open\src\hotspot\share\classfile\systemDictionary.cpp, line 255]
Event: 0.247 Thread 0x000001e397212e10 Exception <a 'java/lang/ClassNotFoundException'{0x00000000899fbd18}: EditorPane> (0x00000000899fbd18) 
thrown [s\open\src\hotspot\share\classfile\systemDictionary.cpp, line 255]
Event: 0.247 Thread 0x000001e397212e10 Exception <a 'java/lang/ClassNotFoundException'{0x00000000899fc670}: ToolBar> (0x00000000899fc670) 
thrown [s\open\src\hotspot\share\classfile\systemDictionary.cpp, line 255]
Event: 0.247 Thread 0x000001e397212e10 Exception <a 'java/lang/ClassNotFoundException'{0x00000000899fcb60}: ToolBar> (0x00000000899fcb60) 
thrown [s\open\src\hotspot\share\classfile\systemDictionary.cpp, line 255]
Event: 0.247 Thread 0x000001e397212e10 Exception <a 'java/lang/ClassNotFoundException'{0x00000000899fceb8}: Button> (0x00000000899fceb8) 
thrown [s\open\src\hotspot\share\classfile\systemDictionary.cpp, line 255]
Event: 0.247 Thread 0x000001e397212e10 Exception <a 'java/lang/ClassNotFoundException'{0x00000000899fd378}: ToolBar> (0x00000000899fd378) 
thrown [s\open\src\hotspot\share\classfile\systemDictionary.cpp, line 255]
Event: 0.247 Thread 0x000001e397212e10 Exception <a 'java/lang/ClassNotFoundException'{0x00000000899fd6e0}: ToggleButton> (0x00000000899fd6e0) 
thrown [s\open\src\hotspot\share\classfile\systemDictionary.cpp, line 255]
Event: 0.247 Thread 0x000001e397212e10 Exception <a 'java/lang/ClassNotFoundException'{0x00000000899fdb18}: javax/swing/JToolBarSeparator> (0x00000000899fdb18) 
thrown [s\open\src\hotspot\share\classfile\systemDictionary.cpp, line 255]
Event: 0.247 Thread 0x000001e397212e10 Exception <a 'java/lang/ClassNotFoundException'{0x00000000899fde20}: ToolBarSeparator> (0x00000000899fde20) 
thrown [s\open\src\hotspot\share\classfile\systemDictionary.cpp, line 255]
Event: 0.247 Thread 0x000001e397212e10 Exception <a 'java/lang/ClassNotFoundException'{0x00000000899fe330}: ToolTip> (0x00000000899fe330) 
thrown [s\open\src\hotspot\share\classfile\systemDictionary.cpp, line 255]
Event: 0.248 Thread 0x000001e397212e10 Exception <a 'java/lang/ClassNotFoundException'{0x00000000899fec78}: Tree> (0x00000000899fec78) 
thrown [s\open\src\hotspot\share\classfile\systemDictionary.cpp, line 255]
Event: 0.248 Thread 0x000001e397212e10 Exception <a 'java/lang/ClassNotFoundException'{0x00000000899ff168}: Tree> (0x00000000899ff168) 
thrown [s\open\src\hotspot\share\classfile\systemDictionary.cpp, line 255]
Event: 0.248 Thread 0x000001e397212e10 Exception <a 'java/lang/ClassNotFoundException'{0x00000000899ff4d0}: javax/swing/JTreeCell> (0x00000000899ff4d0) 
thrown [s\open\src\hotspot\share\classfile\systemDictionary.cpp, line 255]
Event: 0.248 Thread 0x000001e397212e10 Exception <a 'java/lang/ClassNotFoundException'{0x00000000899ff7d0}: TreeCell> (0x00000000899ff7d0) 
thrown [s\open\src\hotspot\share\classfile\systemDictionary.cpp, line 255]
Event: 0.249 Thread 0x000001e397212e10 Exception <a 'java/lang/ClassNotFoundException'{0x00000000898001f0}: RootPane> (0x00000000898001f0) 
thrown [s\open\src\hotspot\share\classfile\systemDictionary.cpp, line 255]
Event: 0.250 Thread 0x000001e397212e10 Exception <a 'java/lang/ClassNotFoundException'{0x0000000089803260}: com/sun/swing/internal/plaf/metal/resources/spi/metalProvider> (0x0000000089803260) 
thrown [s\open\src\hotspot\share\classfile\systemDictionary.cpp, line 255]
Event: 0.251 Thread 0x000001e397212e10 Exception <a 'java/lang/ClassNotFoundException'{0x0000000089807040}: com/sun/swing/internal/plaf/basic/resources/spi/basicProvider> (0x0000000089807040) 
thrown [s\open\src\hotspot\share\classfile\systemDictionary.cpp, line 255]
Event: 0.274 Thread 0x000001e3b99a63c0 Exception <a 'java/lang/ClassNotFoundException'{0x000000008988c1b0}: com/sun/swing/internal/plaf/synth/resources/spi/synthProvider> (0x000000008988c1b0) 
thrown [s\open\src\hotspot\share\classfile\systemDictionary.cpp, line 255]

VM Operations (2 events):
Event: 0.068 Executing VM operation: HandshakeAllThreads
Event: 0.068 Executing VM operation: HandshakeAllThreads done

Events (20 events):
Event: 0.030 Thread 0x000001e3b537f870 Thread added: 0x000001e3b537f870
Event: 0.030 Thread 0x000001e3b5380120 Thread added: 0x000001e3b5380120
Event: 0.030 Thread 0x000001e3b53839f0 Thread added: 0x000001e3b53839f0
Event: 0.030 Thread 0x000001e3b538fae0 Thread added: 0x000001e3b538fae0
Event: 0.030 Thread 0x000001e3b5391860 Thread added: 0x000001e3b5391860
Event: 0.030 Thread 0x000001e3b53ab3b0 Thread added: 0x000001e3b53ab3b0
Event: 0.047 Thread 0x000001e3b534c090 Thread added: 0x000001e3b534c090
Event: 0.060 Loaded shared library C:\Program Files\Java\jdk-18.0.1.1\bin\net.dll
Event: 0.063 Loaded shared library C:\Program Files\Java\jdk-18.0.1.1\bin\nio.dll
Event: 0.082 Thread 0x000001e3b992f250 Thread added: 0x000001e3b992f250
Event: 0.097 Loaded shared library C:\Program Files\Java\jdk-18.0.1.1\bin\jimage.dll
Event: 0.114 Loaded shared library C:\Program Files\Java\jdk-18.0.1.1\bin\awt.dll
Event: 0.162 Thread 0x000001e3b99a5a20 Thread added: 0x000001e3b99a5a20
Event: 0.163 Thread 0x000001e3b99a5ef0 Thread added: 0x000001e3b99a5ef0
Event: 0.164 Thread 0x000001e3b99a5550 Thread added: 0x000001e3b99a5550
Event: 0.219 Loaded shared library C:\Program Files\Java\jdk-18.0.1.1\bin\freetype.dll
Event: 0.220 Loaded shared library C:\Program Files\Java\jdk-18.0.1.1\bin\fontmanager.dll
Event: 0.260 Thread 0x000001e3b99a63c0 Thread added: 0x000001e3b99a63c0
Event: 0.261 Thread 0x000001e397212e10 Thread exited: 0x000001e397212e10
Event: 0.261 Thread 0x000001e3b99a6890 Thread added: 0x000001e3b99a6890


Dynamic libraries:
0x00007ff7bf5f0000 - 0x00007ff7bf600000 	C:\Program Files\Java\jdk-18.0.1.1\bin\java.exe
0x00007ff976de0000 - 0x00007ff976fe9000 	C:\WINDOWS\SYSTEM32\ntdll.dll
0x00007ff975050000 - 0x00007ff97510d000 	C:\WINDOWS\System32\KERNEL32.DLL
0x00007ff974330000 - 0x00007ff9746a9000 	C:\WINDOWS\System32\KERNELBASE.dll
0x00007ff9748f0000 - 0x00007ff974a01000 	C:\WINDOWS\System32\ucrtbase.dll
0x00007ff9701b0000 - 0x00007ff9701ca000 	C:\Program Files\Java\jdk-18.0.1.1\bin\VCRUNTIME140.dll
0x00007ff9560b0000 - 0x00007ff9560c8000 	C:\Program Files\Java\jdk-18.0.1.1\bin\jli.dll
0x00007ff976190000 - 0x00007ff97623e000 	C:\WINDOWS\System32\ADVAPI32.dll
0x00007ff975c40000 - 0x00007ff975ce3000 	C:\WINDOWS\System32\msvcrt.dll
0x00007ff9751d0000 - 0x00007ff97526e000 	C:\WINDOWS\System32\sechost.dll
0x00007ff975420000 - 0x00007ff975540000 	C:\WINDOWS\System32\RPCRT4.dll
0x00007ff975270000 - 0x00007ff97541c000 	C:\WINDOWS\System32\USER32.dll
0x00007ff9746b0000 - 0x00007ff9746d6000 	C:\WINDOWS\System32\win32u.dll
0x00007ff952490000 - 0x00007ff952735000 	C:\WINDOWS\WinSxS\amd64_microsoft.windows.common-controls_6595b64144ccf1df_6.0.22000.120_none_9d947278b86cc467\COMCTL32.dll
0x00007ff9751a0000 - 0x00007ff9751c9000 	C:\WINDOWS\System32\GDI32.dll
0x00007ff974b50000 - 0x00007ff974c62000 	C:\WINDOWS\System32\gdi32full.dll
0x00007ff974850000 - 0x00007ff9748ed000 	C:\WINDOWS\System32\msvcp_win.dll
0x00007ff96cfa0000 - 0x00007ff96cfaa000 	C:\WINDOWS\SYSTEM32\VERSION.dll
0x00007ff975800000 - 0x00007ff975831000 	C:\WINDOWS\System32\IMM32.DLL
0x00007ff9701a0000 - 0x00007ff9701ac000 	C:\Program Files\Java\jdk-18.0.1.1\bin\vcruntime140_1.dll
0x00007ff960b60000 - 0x00007ff960bed000 	C:\Program Files\Java\jdk-18.0.1.1\bin\msvcp140.dll
0x00007ff8fe600000 - 0x00007ff8ff210000 	C:\Program Files\Java\jdk-18.0.1.1\bin\server\jvm.dll
0x00007ff976b10000 - 0x00007ff976b18000 	C:\WINDOWS\System32\PSAPI.DLL
0x00007ff970230000 - 0x00007ff970239000 	C:\WINDOWS\SYSTEM32\WSOCK32.dll
0x00007ff971370000 - 0x00007ff9713a3000 	C:\WINDOWS\SYSTEM32\WINMM.dll
0x00007ff974d20000 - 0x00007ff974d8f000 	C:\WINDOWS\System32\WS2_32.dll
0x00007ff9734b0000 - 0x00007ff9734c8000 	C:\WINDOWS\SYSTEM32\kernel.appcore.dll
0x00007ff96fe50000 - 0x00007ff96fe5a000 	C:\Program Files\Java\jdk-18.0.1.1\bin\jimage.dll
0x00007ff972130000 - 0x00007ff972351000 	C:\WINDOWS\SYSTEM32\DBGHELP.DLL
0x00007ff971330000 - 0x00007ff971361000 	C:\WINDOWS\SYSTEM32\dbgcore.DLL
0x00007ff974ad0000 - 0x00007ff974b4f000 	C:\WINDOWS\System32\bcryptPrimitives.dll
0x00007ff970110000 - 0x00007ff970135000 	C:\Program Files\Java\jdk-18.0.1.1\bin\java.dll
0x00007ff95d100000 - 0x00007ff95d1d6000 	C:\Program Files\Java\jdk-18.0.1.1\bin\jsvml.dll
0x00007ff976350000 - 0x00007ff976b08000 	C:\WINDOWS\System32\SHELL32.dll
0x00007ff972360000 - 0x00007ff972bc8000 	C:\WINDOWS\SYSTEM32\windows.storage.dll
0x00007ff975840000 - 0x00007ff975bb9000 	C:\WINDOWS\System32\combase.dll
0x00007ff971fc0000 - 0x00007ff972126000 	C:\WINDOWS\SYSTEM32\wintypes.dll
0x00007ff976240000 - 0x00007ff97632a000 	C:\WINDOWS\System32\SHCORE.dll
0x00007ff976b80000 - 0x00007ff976bdd000 	C:\WINDOWS\System32\shlwapi.dll
0x00007ff9741f0000 - 0x00007ff974211000 	C:\WINDOWS\SYSTEM32\profapi.dll
0x00007ff96fe30000 - 0x00007ff96fe43000 	C:\Program Files\Java\jdk-18.0.1.1\bin\net.dll
0x00007ff96cd20000 - 0x00007ff96ce2c000 	C:\WINDOWS\SYSTEM32\WINHTTP.dll
0x00007ff9738e0000 - 0x00007ff973947000 	C:\WINDOWS\system32\mswsock.dll
0x00007ff96e250000 - 0x00007ff96e266000 	C:\Program Files\Java\jdk-18.0.1.1\bin\nio.dll
0x00007ff93d7f0000 - 0x00007ff93d97f000 	C:\Program Files\Java\jdk-18.0.1.1\bin\awt.dll
0x00007ff9755d0000 - 0x00007ff9756a6000 	C:\WINDOWS\System32\OLEAUT32.dll
0x00007ff970020000 - 0x00007ff9700b1000 	C:\WINDOWS\SYSTEM32\apphelp.dll
0x00007ff970750000 - 0x00007ff9707fc000 	C:\WINDOWS\system32\uxtheme.dll
0x00007ff974f30000 - 0x00007ff97504e000 	C:\WINDOWS\System32\MSCTF.dll
0x00007ff974d90000 - 0x00007ff974f2a000 	C:\WINDOWS\System32\ole32.dll
0x00007ff971a00000 - 0x00007ff971a2f000 	C:\WINDOWS\system32\DWMAPI.DLL
0x00007ff94f600000 - 0x00007ff94f689000 	C:\Program Files\Java\jdk-18.0.1.1\bin\freetype.dll
0x00007ff94a450000 - 0x00007ff94a4f8000 	C:\Program Files\Java\jdk-18.0.1.1\bin\fontmanager.dll
0x00007ff93fc60000 - 0x00007ff93fd61000 	C:\WINDOWS\system32\opengl32.dll
0x00007ff9401d0000 - 0x00007ff9401fd000 	C:\WINDOWS\SYSTEM32\GLU32.dll
0x00007ff971840000 - 0x00007ff971878000 	C:\WINDOWS\SYSTEM32\dxcore.dll

dbghelp: loaded successfully - version: 4.0.5 - missing functions: none
symbol engine: initialized successfully - sym options: 0x614 - pdb path: .;C:\Program Files\Java\jdk-18.0.1.1\bin;C:\WINDOWS\SYSTEM32;C:\WINDOWS\WinSxS\amd64_microsoft.windows.common-controls_6595b64144ccf1df_6.0.22000.120_none_9d947278b86cc467;C:\Program Files\Java\jdk-18.0.1.1\bin\server

VM Arguments:
jvm_args: -Dfile.encoding=UTF-8 --module-path=D:\File 1\Lap trinh Java\BTL\BTL\BT_Nguoi_du_lich\build\classes 
java_command: bt_nguoi_du_lich.Data.Form.NguoiDuLichForm
java_class_path (initial): D:\File 1\Lap trinh Java\BTL\BTL\BT_Nguoi_du_lich\build\classes
Launcher Type: SUN_STANDARD

[Global flags]
     intx CICompilerCount                          = 4                                         {product} {ergonomic}
     uint ConcGCThreads                            = 2                                         {product} {ergonomic}
     uint G1ConcRefinementThreads                  = 8                                         {product} {ergonomic}
   size_t G1HeapRegionSize                         = 1048576                                   {product} {ergonomic}
    uintx GCDrainStackTargetSize                   = 64                                        {product} {ergonomic}
   size_t InitialHeapSize                          = 134217728                                 {product} {ergonomic}
   size_t MarkStackSize                            = 4194304                                   {product} {ergonomic}
   size_t MaxHeapSize                              = 2116026368                                {product} {ergonomic}
   size_t MaxNewSize                               = 1268776960                                {product} {ergonomic}
   size_t MinHeapDeltaBytes                        = 1048576                                   {product} {ergonomic}
   size_t MinHeapSize                              = 8388608                                   {product} {ergonomic}
    uintx NonNMethodCodeHeapSize                   = 5839372                                {pd product} {ergonomic}
    uintx NonProfiledCodeHeapSize                  = 122909434                              {pd product} {ergonomic}
    uintx ProfiledCodeHeapSize                     = 122909434                              {pd product} {ergonomic}
    uintx ReservedCodeCacheSize                    = 251658240                              {pd product} {ergonomic}
     bool SegmentedCodeCache                       = true                                      {product} {ergonomic}
   size_t SoftMaxHeapSize                          = 2116026368                             {manageable} {ergonomic}
     bool UseCompressedClassPointers               = true                           {product lp64_product} {ergonomic}
     bool UseCompressedOops                        = true                           {product lp64_product} {ergonomic}
     bool UseG1GC                                  = true                                      {product} {ergonomic}
     bool UseLargePagesIndividualAllocation        = false                                  {pd product} {ergonomic}

Logging:
Log output configuration:
 #0: stdout all=warning uptime,level,tags foldmultilines=false
 #1: stderr all=off uptime,level,tags foldmultilines=false

Environment Variables:
JAVA_HOME=C:\Program Files\Java\jdk-18.0.1.1
PATH=C:\Program Files\Common Files\Oracle\Java\javapath;C:\WINDOWS\system32;C:\WINDOWS;C:\WINDOWS\System32\Wbem;C:\WINDOWS\System32\WindowsPowerShell\v1.0\;C:\WINDOWS\System32\OpenSSH\;C:\Program Files (x86)\New Folder\common;C:\Program Files\Git\cmd;C:\Program Files\dotnet\;C:\Program Files\Microsoft SQL Server\130\Tools\Binn\;C:\Program Files\Java\jdk-18.0.1.1\bin;C:\Program Files\Microsoft SQL Server\Client SDK\ODBC\170\Tools\Binn\;C:\Program Files (x86)\Microsoft SQL Server\150\Tools\Binn\;C:\Program Files\Microsoft SQL Server\150\Tools\Binn\;C:\Program Files\Microsoft SQL Server\150\DTS\Binn\;C:\Program Files (x86)\Microsoft SQL Server\150\DTS\Binn\;C:\Program Files\Azure Data Studio\bin;C:\Users\thanh\AppData\Local\Microsoft\WindowsApps;;C:\Users\thanh\AppData\Local\Programs\Microsoft VS Code\bin;C:\AppServ\Apache24\bin;C:\AppServ\php7;C:\AppServ\MySQL\bin;C:\Program Files\JetBrains\IntelliJ IDEA Community Edition 2021.3.3\bin;;C:\Users\thanh\.dotnet\tools;C:\Program Files\Azure Data Studio\bin
USERNAME=thanh
OS=Windows_NT
PROCESSOR_IDENTIFIER=Intel64 Family 6 Model 142 Stepping 12, GenuineIntel



---------------  S Y S T E M  ---------------

OS:
 Windows 11 , 64 bit Build 22000 (10.0.22000.708)
OS uptime: 0 days 9:04 hours

CPU: total 8 (initial active 8) (4 cores per cpu, 2 threads per core) family 6 model 142 stepping 12 microcode 0xde, cx8, cmov, fxsr, ht, mmx, 3dnowpref, sse, sse2, sse3, ssse3, sse4.1, sse4.2, popcnt, lzcnt, tsc, tscinvbit, avx, avx2, aes, erms, clmul, bmi1, bmi2, adx, fma, vzeroupper, clflush, clflushopt

Memory: 4k page, system-wide physical 8068M (729M free)
TotalPageFile size 20356M (AvailPageFile size 5M)
current process WorkingSet (physical memory assigned to process): 53M, peak: 53M
current process commit charge ("private bytes"): 222M, peak: 222M

vm_info: Java HotSpot(TM) 64-Bit Server VM (18.0.1.1+2-6) for windows-amd64 JRE (18.0.1.1+2-6), built on Apr 25 2022 21:53:15 by "mach5one" with MS VC++ 16.8 / 16.9 (VS2019)

END.
